d:\minesweepersolver\build\visualstudio\x64\release\vc143.pdb
d:\minesweepersolver\build\visualstudio\x64\release\window.obj
d:\minesweepersolver\build\visualstudio\x64\release\solutionmatrix.obj
d:\minesweepersolver\build\visualstudio\x64\release\solution.obj
d:\minesweepersolver\build\visualstudio\x64\release\screenreader.obj
d:\minesweepersolver\build\visualstudio\x64\release\mineprobability.obj
d:\minesweepersolver\build\visualstudio\x64\release\minefieldmemory.obj
d:\minesweepersolver\build\visualstudio\x64\release\main.obj
d:\minesweepersolver\build\visualstudio\x64\release\guidata.obj
d:\minesweepersolver\build\visualstudio\x64\release\filewriter.obj
d:\minesweepersolver\build\visualstudio\x64\release\difficulty.obj
d:\minesweepersolver\build\visualstudio\x64\release\constraintmaker.obj
d:\minesweepersolver\build\visualstudio\x64\release\constraintgroupsolver.obj
d:\minesweepersolver\build\visualstudio\x64\release\constraintgroup.obj
d:\minesweepersolver\build\visualstudio\x64\release\constraint.obj
d:\minesweepersolver\build\visualstudio\x64\release\clicker.obj
d:\minesweepersolver\build\visualstudio\x64\release\buttonhandler.obj
d:\minesweepersolver\build\solverbuild\concrt140.dll
d:\minesweepersolver\build\solverbuild\msvcp140.dll
d:\minesweepersolver\build\solverbuild\msvcp140_1.dll
d:\minesweepersolver\build\solverbuild\msvcp140_2.dll
d:\minesweepersolver\build\solverbuild\msvcp140_atomic_wait.dll
d:\minesweepersolver\build\solverbuild\msvcp140_codecvt_ids.dll
d:\minesweepersolver\build\solverbuild\vccorlib140.dll
d:\minesweepersolver\build\solverbuild\vcruntime140.dll
d:\minesweepersolver\build\solverbuild\vcruntime140_1.dll
d:\minesweepersolver\build\solverbuild\vcruntime140_threads.dll
d:\minesweepersolver\build\solverbuild\vcamp140.dll
d:\minesweepersolver\build\solverbuild\vcomp140.dll
d:\minesweepersolver\build\solverbuild\solver.exe
d:\minesweepersolver\build\solverbuild\solver.pdb
d:\minesweepersolver\build\visualstudio\x64\release\solver.ipdb
d:\minesweepersolver\build\visualstudio\x64\release\solver.iobj
d:\minesweepersolver\build\visualstudio\x64\release\solver.tlog\cl.command.1.tlog
d:\minesweepersolver\build\visualstudio\x64\release\solver.tlog\cl.items.tlog
d:\minesweepersolver\build\visualstudio\x64\release\solver.tlog\cl.read.1.tlog
d:\minesweepersolver\build\visualstudio\x64\release\solver.tlog\cl.write.1.tlog
d:\minesweepersolver\build\visualstudio\x64\release\solver.tlog\copylocal.read.1u.tlog
d:\minesweepersolver\build\visualstudio\x64\release\solver.tlog\copylocal.write.1u.tlog
d:\minesweepersolver\build\visualstudio\x64\release\solver.tlog\link.command.1.tlog
d:\minesweepersolver\build\visualstudio\x64\release\solver.tlog\link.read.1.tlog
d:\minesweepersolver\build\visualstudio\x64\release\solver.tlog\link.secondary.1.tlog
d:\minesweepersolver\build\visualstudio\x64\release\solver.tlog\link.write.1.tlog
