d:\solver\build\visualstudio\x64\debug\vc143.pdb
d:\solver\build\visualstudio\x64\debug\vc143.idb
d:\solver\build\visualstudio\x64\debug\window.obj
d:\solver\build\visualstudio\x64\debug\solutionmatrix.obj
d:\solver\build\visualstudio\x64\debug\solution.obj
d:\solver\build\visualstudio\x64\debug\screenreader.obj
d:\solver\build\visualstudio\x64\debug\mineprobability.obj
d:\solver\build\visualstudio\x64\debug\minefieldmemory.obj
d:\solver\build\visualstudio\x64\debug\main.obj
d:\solver\build\visualstudio\x64\debug\guidata.obj
d:\solver\build\visualstudio\x64\debug\filewriter.obj
d:\solver\build\visualstudio\x64\debug\difficulty.obj
d:\solver\build\visualstudio\x64\debug\constraintmaker.obj
d:\solver\build\visualstudio\x64\debug\constraintgroupsolver.obj
d:\solver\build\visualstudio\x64\debug\constraintgroup.obj
d:\solver\build\visualstudio\x64\debug\constraint.obj
d:\solver\build\visualstudio\x64\debug\clicker.obj
d:\solver\build\visualstudio\x64\debug\buttonhandler.obj
d:\solver\build\solverbuild\solver.pdb
d:\solver\build\visualstudio\x64\debug\solver.tlog\cl.command.1.tlog
d:\solver\build\visualstudio\x64\debug\solver.tlog\cl.read.1.tlog
d:\solver\build\visualstudio\x64\debug\solver.tlog\cl.write.1.tlog
d:\solver\build\visualstudio\x64\debug\solver.tlog\link-cvtres.read.1.tlog
d:\solver\build\visualstudio\x64\debug\solver.tlog\link-cvtres.write.1.tlog
d:\solver\build\visualstudio\x64\debug\solver.tlog\link-rc.read.1.tlog
d:\solver\build\visualstudio\x64\debug\solver.tlog\link-rc.write.1.tlog
d:\solver\build\visualstudio\x64\debug\solver.tlog\link.command.1.tlog
d:\solver\build\visualstudio\x64\debug\solver.tlog\link.read.1.tlog
d:\solver\build\visualstudio\x64\debug\solver.tlog\link.read.2.tlog
d:\solver\build\visualstudio\x64\debug\solver.tlog\link.write.1.tlog
